--------------------------------------------------------------------------------
FILE: pages/bash/xx/.gitignore
SIZE: 89 bytes
--------------------------------------------------------------------------------
!/xx.node.bundled.gitignored.cjs
!/xx.lock.gits-update-config.node.bundled.gitignored.cjs


--------------------------------------------------------------------------------
FILE: pages/bash/xx/README.md
SIZE: 566 bytes
--------------------------------------------------------------------------------
To control color of the output for xx look for code block

WARNING: THIS PROBLEM KEEPS COMMING BACK, SO HERE IS THE LINK TO DOCUMENTATION:
https://github.com/SBoudrias/Inquirer.js/tree/main/packages/select#theming

```js
...
      theme: {
        style: {
          highlight: (text) => `${c.Reverse}${text}${c.reset}`, // inverse colors using your defined constants
        },
      },
...

```

# TESTING

look for


--------------------------------------------------------------------------------
FILE: pages/bash/xx/lib/index.html
SIZE: 753 bytes
--------------------------------------------------------------------------------
<!DOCTYPE html>
<html lang="en">
  <head>
    <meta charset="UTF-8" />
    <meta name="viewport" content="width=device-width, initial-scale=1.0" />
    <title>Document</title>
    <style>
      [type="range"] {
        width: 70%;
      }
      span {
        cursor: pointer;
        color: gray;
      }
      span.easeInElastic,
      span.easeInOutQuint,
      span.easeInExpo,
      span.easeOutExpo {
        color: green;
      }


--------------------------------------------------------------------------------
FILE: pages/bash/xx/lib/range.js
SIZE: 1891 bytes
--------------------------------------------------------------------------------
import easingLib, { exist, getKeys, mirror } from "../../../../libs/easing.js";

const FIRST_LENGTH_WHEN_ENABLED = 8;

// █	U+2588	FULL BLOCK
// ▉	U+2589	LEFT SEVEN EIGHTHS BLOCK
// ▊	U+258A	LEFT THREE QUARTERS BLOCK
// ▋	U+258B	LEFT FIVE EIGHTHS BLOCK
// ▌	U+258C	LEFT HALF BLOCK
// ▍	U+258D	LEFT THREE EIGHTHS BLOCK
// ▎	U+258E	LEFT ONE QUARTER BLOCK
// ▏	U+258F	LEFT ONE EIGHTH BLOCK
// from: https://github.com/hackerb9/ugrep
// ugrep block

const blocks = ["█", "▉", "▊", "▋", "▌", "▍", "▎", "▏"];
const tlocks = ["0", "1", "2", "3", "4", "5", "6", "7"];

const th = (msg) => new Error(`xx/lib/range.js error: ${msg}`);


--------------------------------------------------------------------------------
FILE: pages/bash/xx/lib/range.test.entry.js
SIZE: 1647 bytes
--------------------------------------------------------------------------------
import range, { getEasingKeys } from "./range.js";

// const log = console.log;

const target = document.querySelector("pre");

const input = document.querySelector("#range");

const easing = document.querySelector("#easing");

// let easingValue = "linear";
let easingValue = "easeInExpo";

let test = true;
test = false;

const event = (e) => {
  const v = parseInt(e.target.value);

  const b = [];


--------------------------------------------------------------------------------
FILE: pages/bash/xx/lib/range.unit.js
SIZE: 1077 bytes
--------------------------------------------------------------------------------
import range from "./range";

describe("range", () => {
  it("not processed", () => {
    const input = `abc`;

    const output = range({
      str: input,
      zeroIndexed: 4,
      length: 4,
      test: true,
    });

    const expected = "abc";

    expect(output).toEqual(expected);
  });

  it("processed 2", () => {
    const input = `abc`;


--------------------------------------------------------------------------------
FILE: pages/bash/xx/xx-template.cjs
SIZE: 7783 bytes
--------------------------------------------------------------------------------
// to install go to: https://stopsopa.github.io//pages/bash/index.html#xx

// https://stopsopa.github.io/viewer.html?file=%2Fpages%2Fbash%2Fxx%2Fxx-template.cjs
// edit: https://github.com/stopsopa/stopsopa.github.io/blob/master/pages/bash/xx/xx-template.cjs

// 🚀 -
// ✅ -
// ⚙️  -
// 🗑️  -
// 🛑 -
// to call other xx commands from inside any xx command use:
//    shopt -s expand_aliases && source ~/.bashrc
// after that just do:
//   xx <command_name>

module.exports = (setup) => {
  return {
    help: {
      command: `
set -e  


--------------------------------------------------------------------------------
FILE: pages/bash/xx/xx.lock.gits-update-config.node.bundled.gitignored.cjs
SIZE: 2202 bytes
--------------------------------------------------------------------------------
"use strict";

// pages/bash/xx/xx.lock.gits-update-config.node.cjs
var fs = require("fs");
var path = require("path");
var gs = eval("require")("../../../gitstorage.cjs");
var log = console.log;
var pwd = process.argv[2];
var file = process.argv[3];
var gitignore_local = process.argv[4];
var ignore = process.argv[5];
var excludesFile = process.argv[6];
var ignoreList = ignore.split("\n").map((r) => r.trim()).filter(Boolean).map((r) => gs.trim(r, "./", "l")).map((r) => `/${r}`);
var final = [];
var gitignore_local_absolute = path.resolve(pwd, gitignore_local);
var add = [];
var list;
if (fs.existsSync(gitignore_local_absolute)) {
  const gitignore_content = fs.readFileSync(gitignore_local_absolute, "utf8").toString();
  list = gitignore_content.split("\n").map((r) => r.trim()).filter(Boolean);


--------------------------------------------------------------------------------
FILE: pages/bash/xx/xx.lock.gits-update-config.node.bundled.gitignored.js
SIZE: 2202 bytes
--------------------------------------------------------------------------------
"use strict";

// pages/bash/xx/xx.lock.gits-update-config.node.cjs
var fs = require("fs");
var path = require("path");
var gs = eval("require")("../../../gitstorage.cjs");
var log = console.log;
var pwd = process.argv[2];
var file = process.argv[3];
var gitignore_local = process.argv[4];
var ignore = process.argv[5];
var excludesFile = process.argv[6];
var ignoreList = ignore.split("\n").map((r) => r.trim()).filter(Boolean).map((r) => gs.trim(r, "./", "l")).map((r) => `/${r}`);
var final = [];
var gitignore_local_absolute = path.resolve(pwd, gitignore_local);
var add = [];
var list;
if (fs.existsSync(gitignore_local_absolute)) {
  const gitignore_content = fs.readFileSync(gitignore_local_absolute, "utf8").toString();
  list = gitignore_content.split("\n").map((r) => r.trim()).filter(Boolean);


--------------------------------------------------------------------------------
FILE: pages/bash/xx/xx.lock.gits-update-config.node.cjs
SIZE: 2850 bytes
--------------------------------------------------------------------------------
/**
 *  xx --lock
 *  node "${_DIR}/xx.lock.gits-update-config.node.bundled.gitignored.cjs" "${GITIGNORE}" "${_PWD}/.git/.gitignore_local"
 */
const fs = require("fs");

const path = require("path");

const gs = eval("require")("../../../gitstorage.cjs");

const log = console.log;

const pwd = process.argv[2];

const file = process.argv[3];

const gitignore_local = process.argv[4];

const ignore = process.argv[5];


--------------------------------------------------------------------------------
FILE: pages/bash/xx/xx.node.bundled.gitignored.cjs
SIZE: 869191 bytes
--------------------------------------------------------------------------------
"use strict";
var __create = Object.create;
var __defProp = Object.defineProperty;
var __getOwnPropDesc = Object.getOwnPropertyDescriptor;
var __getOwnPropNames = Object.getOwnPropertyNames;
var __getProtoOf = Object.getPrototypeOf;
var __hasOwnProp = Object.prototype.hasOwnProperty;
var __typeError = (msg2) => {
  throw TypeError(msg2);
};
var __commonJS = (cb, mod) => function __require() {
  return mod || (0, cb[__getOwnPropNames(cb)[0]])((mod = { exports: {} }).exports, mod), mod.exports;
};
var __copyProps = (to, from, except, desc) => {
  if (from && typeof from === "object" || typeof from === "function") {
    for (let key of __getOwnPropNames(from))
      if (!__hasOwnProp.call(to, key) && key !== except)
        __defProp(to, key, { get: () => from[key], enumerable: !(desc = __getOwnPropDesc(from, key)) || desc.enumerable });
  }
  return to;


--------------------------------------------------------------------------------
FILE: pages/bash/xx/xx.node.bundled.gitignored.js
SIZE: 869191 bytes
--------------------------------------------------------------------------------
"use strict";
var __create = Object.create;
var __defProp = Object.defineProperty;
var __getOwnPropDesc = Object.getOwnPropertyDescriptor;
var __getOwnPropNames = Object.getOwnPropertyNames;
var __getProtoOf = Object.getPrototypeOf;
var __hasOwnProp = Object.prototype.hasOwnProperty;
var __typeError = (msg2) => {
  throw TypeError(msg2);
};
var __commonJS = (cb, mod) => function __require() {
  return mod || (0, cb[__getOwnPropNames(cb)[0]])((mod = { exports: {} }).exports, mod), mod.exports;
};
var __copyProps = (to, from, except, desc) => {
  if (from && typeof from === "object" || typeof from === "function") {
    for (let key of __getOwnPropNames(from))
      if (!__hasOwnProp.call(to, key) && key !== except)
        __defProp(to, key, { get: () => from[key], enumerable: !(desc = __getOwnPropDesc(from, key)) || desc.enumerable });
  }
  return to;


--------------------------------------------------------------------------------
FILE: pages/bash/xx/xx.node.cjs
SIZE: 7116 bytes
--------------------------------------------------------------------------------
/**
 * this script is only responsible for generating
 * XX_GENERATED=".git/xx_generated.sh"
 * for script xx.sh which can be found right next to this file in this directory
 */

const path = require("path");

const fs = require("fs");

// import "core-js/actual/structured-clone";

/// look for [jkjlv8589448939ijhfdjzxfklds8934u89439u843u834u089345]
import { select, Separator } from "@inquirer/prompts";
import confirm from "@inquirer/confirm";
import range from "./lib/range.js";

/// look for [jkjlv8589448939ijhfdjzxfklds8934u89439u843u834u089345]
// const { default: select, Separator } = require("@inquirer/prompts");
// const { default: confirm } = require("@inquirer/confirm");


--------------------------------------------------------------------------------
FILE: pages/bash/xx/xx.sh
SIZE: 12727 bytes
--------------------------------------------------------------------------------

_SHELL="$(ps -p $$ -o comm=)"; # bash || sh || zsh
_SHELL="$(basename ${_SHELL//-/})"
case ${_SHELL} in
  zsh)
    _DIR="$( cd "$( dirname "${(%):-%N}" )" && pwd -P )"
    _0="$( basename "${(%):-%N}" )"
    _SCRIPT="${(%):-%N}"
    _BINARY="/bin/zsh"
    _PWD="$(pwd)"
    ;;
  sh)
    # be carefull this will not work when sourcing this file in sh shell
    # will though work when called /bin/sh my_script.sh from any shell
    _DIR="$( cd "$( dirname "${0}" )" && pwd -P )"
    _0="$( basename "${0}" )"
    _SCRIPT="${0}"
    _BINARY="/bin/sh"
    _PWD="$(pwd)"
    ;;


